<?xml version="1.0" encoding="UTF-8"?>
<!-- Generated by org.testng.reporters.JUnitReportReporter -->
<testsuite hostname="Raghav_Global" failures="0" tests="2" name="com.example.api.tests.DataDrivenGetPostTest" time="2.930" errors="0" timestamp="2025-08-29T17:51:21 IST" skipped="0">
  <testcase classname="com.example.api.tests.DataDrivenGetPostTest" name="testGetPostById" time="2.450"/>
  <testcase classname="com.example.api.tests.DataDrivenGetPostTest" name="testGetPostById" time="0.480"/>
</testsuite> <!-- com.example.api.tests.DataDrivenGetPostTest -->
