<?xml version="1.0" encoding="UTF-8"?>
<!-- Generated by org.testng.reporters.JUnitReportReporter -->
<testsuite hostname="Raghav_Global" failures="0" tests="2" name="com.example.api.tests.DataDrivenGetPostTest" time="2.945" errors="0" timestamp="2025-08-22T18:04:28 IST" skipped="0">
  <testcase classname="com.example.api.tests.DataDrivenGetPostTest" name="testGetPostById" time="2.337"/>
  <testcase classname="com.example.api.tests.DataDrivenGetPostTest" name="testGetPostById" time="0.608"/>
</testsuite> <!-- com.example.api.tests.DataDrivenGetPostTest -->
