<?xml version="1.0" encoding="UTF-8"?>
<!-- Generated by org.testng.reporters.JUnitReportReporter -->
<testsuite hostname="Raghav_Global" failures="0" tests="2" name="com.example.api.tests.PostDataDrivenTest" time="1.018" errors="0" timestamp="2025-08-29T17:51:21 IST" skipped="0">
  <testcase classname="com.example.api.tests.PostDataDrivenTest" name="testPostsWithData" time="0.477"/>
  <testcase classname="com.example.api.tests.PostDataDrivenTest" name="testPostsWithData" time="0.541"/>
</testsuite> <!-- com.example.api.tests.PostDataDrivenTest -->
