<?xml version="1.0" encoding="UTF-8"?>
<!-- Generated by org.testng.reporters.JUnitReportReporter -->
<testsuite hostname="Raghav_Global" failures="0" tests="1" name="com.example.api.SanityCheckTest" time="0.046" errors="0" timestamp="2025-08-29T17:51:21 IST" skipped="0">
  <testcase classname="com.example.api.SanityCheckTest" name="sanity" time="0.046"/>
</testsuite> <!-- com.example.api.SanityCheckTest -->
